<?xml version="1.0" encoding="UTF-8"?>
<!-- Generated by org.testng.reporters.JUnitXMLReporter -->
<testsuite hostname="Olly" name="Default test" tests="4" failures="0" timestamp="28 Jun 2015 00:39:19 GMT" time="9.377" errors="0">
  <testcase name="emptyUserGroupCreation" time="1.146" classname="com.example.tests.UserGroupCreating"/>
  <testcase name="nonEmptyUserGroupCreation" time="1.235" classname="com.example.tests.UserGroupCreating"/>
  <testcase name="emptyUserGroupCreation" time="1.106" classname="com.example.tests.AlsoUserGroupCreating"/>
  <testcase name="nonEmptyUserGroupCreation" time="1.099" classname="com.example.tests.AlsoUserGroupCreating"/>
</testsuite> <!-- Default test -->
