<?xml version="1.0" encoding="UTF-8"?>
<!-- Generated by org.testng.reporters.JUnitXMLReporter -->
<testsuite hostname="Olly" name="Default test" tests="6" failures="0" timestamp="29 Jun 2015 20:36:53 GMT" time="12.685" errors="0">
  <testcase name="emptyUserGroupCreation" time="1.152" classname="com.example.tests.UserGroupCreating"/>
  <testcase name="nonEmptyUserGroupCreation" time="1.126" classname="com.example.tests.UserGroupCreating"/>
  <testcase name="emptyUserGroupCreation" time="1.009" classname="com.example.tests.AlsoUserGroupCreating"/>
  <testcase name="nonEmptyUserGroupCreation" time="1.055" classname="com.example.tests.AlsoUserGroupCreating"/>
  <testcase name="emptyContactCreation" time="1.916" classname="com.example.tests.ContactCreation"/>
  <testcase name="nonEmptyContactCreation" time="2.402" classname="com.example.tests.ContactCreation"/>
</testsuite> <!-- Default test -->
