<?xml version="1.0" encoding="UTF-8"?>
<testng-results skipped="0" failed="0" total="4" passed="4">
  <reporter-output>
  </reporter-output>
  <suite name="Default suite" duration-ms="9377" started-at="2015-06-28T00:39:10Z" finished-at="2015-06-28T00:39:19Z">
    <groups>
    </groups>
    <test name="Default test" duration-ms="9377" started-at="2015-06-28T00:39:10Z" finished-at="2015-06-28T00:39:19Z">
      <class name="com.example.tests.AlsoUserGroupCreating">
        <test-method status="PASS" signature="setUp()[pri:0, instance:com.example.tests.AlsoUserGroupCreating@1dcd8d1f]" name="setUp" is-config="true" duration-ms="4388" started-at="2015-06-28T03:39:10Z" finished-at="2015-06-28T03:39:14Z">
          <reporter-output>
          </reporter-output>
        </test-method> <!-- setUp -->
        <test-method status="PASS" signature="emptyUserGroupCreation()[pri:0, instance:com.example.tests.AlsoUserGroupCreating@1dcd8d1f]" name="emptyUserGroupCreation" duration-ms="1106" started-at="2015-06-28T03:39:17Z" finished-at="2015-06-28T03:39:18Z">
          <reporter-output>
          </reporter-output>
        </test-method> <!-- emptyUserGroupCreation -->
        <test-method status="PASS" signature="nonEmptyUserGroupCreation()[pri:0, instance:com.example.tests.AlsoUserGroupCreating@1dcd8d1f]" name="nonEmptyUserGroupCreation" duration-ms="1099" started-at="2015-06-28T03:39:18Z" finished-at="2015-06-28T03:39:19Z">
          <reporter-output>
          </reporter-output>
        </test-method> <!-- nonEmptyUserGroupCreation -->
        <test-method status="PASS" signature="tearDown()[pri:0, instance:com.example.tests.AlsoUserGroupCreating@1dcd8d1f]" name="tearDown" is-config="true" duration-ms="389" started-at="2015-06-28T03:39:19Z" finished-at="2015-06-28T03:39:19Z">
          <reporter-output>
          </reporter-output>
        </test-method> <!-- tearDown -->
      </class> <!-- com.example.tests.AlsoUserGroupCreating -->
      <class name="com.example.tests.UserGroupCreating">
        <test-method status="PASS" signature="emptyUserGroupCreation()[pri:0, instance:com.example.tests.UserGroupCreating@1f2e930f]" name="emptyUserGroupCreation" duration-ms="1146" started-at="2015-06-28T03:39:14Z" finished-at="2015-06-28T03:39:16Z">
          <reporter-output>
          </reporter-output>
        </test-method> <!-- emptyUserGroupCreation -->
        <test-method status="PASS" signature="nonEmptyUserGroupCreation()[pri:0, instance:com.example.tests.UserGroupCreating@1f2e930f]" name="nonEmptyUserGroupCreation" duration-ms="1235" started-at="2015-06-28T03:39:16Z" finished-at="2015-06-28T03:39:17Z">
          <reporter-output>
          </reporter-output>
        </test-method> <!-- nonEmptyUserGroupCreation -->
      </class> <!-- com.example.tests.UserGroupCreating -->
    </test> <!-- Default test -->
  </suite> <!-- Default suite -->
</testng-results>
